# JRE version: Java(TM) SE Runtime Environment (8.0_121-b13) (build 1.8.0_121-b13)
# Java VM: Java HotSpot(TM) 64-Bit Server VM (25.121-b13 mixed mode linux-amd64 compressed oops)
Heap:
 PSYoungGen      total 52736K, used 18948K [0x00000000e0f00000, 0x00000000e7600000, 0x0000000100000000)
  eden space 49152K, 31% used [0x00000000e0f00000,0x00000000e1e08240,0x00000000e3f00000)
  from space 3584K, 99% used [0x00000000e3f00000,0x00000000e4278f28,0x00000000e4280000)
  to   space 3584K, 0% used [0x00000000e7280000,0x00000000e7280000,0x00000000e7600000)
 ParOldGen       total 64512K, used 23724K [0x00000000a2c00000, 0x00000000a6b00000, 0x00000000e0f00000)
  object space 64512K, 36% used [0x00000000a2c00000,0x00000000a432b2f0,0x00000000a6b00000)
 Metaspace       used 14269K, capacity 14450K, committed 14848K, reserved 1062912K
  class space    used 1616K, capacity 1704K, committed 1792K, reserved 1048576K
GC Heap History (6 events):
Event: 1,169 GC heap before
{Heap before GC invocations=1 (full 0):
 PSYoungGen      total 28160K, used 24576K [0x00000000e0f00000, 0x00000000e2e00000, 0x0000000100000000)
  eden space 24576K, 100% used [0x00000000e0f00000,0x00000000e2700000,0x00000000e2700000)
  from space 3584K, 0% used [0x00000000e2a80000,0x00000000e2a80000,0x00000000e2e00000)
  to   space 3584K, 0% used [0x00000000e2700000,0x00000000e2700000,0x00000000e2a80000)
 ParOldGen       total 64512K, used 0K [0x00000000a2c00000, 0x00000000a6b00000, 0x00000000e0f00000)
  object space 64512K, 0% used [0x00000000a2c00000,0x00000000a2c00000,0x00000000a6b00000)
 Metaspace       used 13295K, capacity 13516K, committed 13696K, reserved 1060864K
  class space    used 1515K, capacity 1606K, committed 1664K, reserved 1048576K
Event: 1,190 GC heap after
Heap after GC invocations=1 (full 0):
 PSYoungGen      total 28160K, used 3575K [0x00000000e0f00000, 0x00000000e4600000, 0x0000000100000000)
  eden space 24576K, 0% used [0x00000000e0f00000,0x00000000e0f00000,0x00000000e2700000)
  from space 3584K, 99% used [0x00000000e2700000,0x00000000e2a7dde8,0x00000000e2a80000)
  to   space 3584K, 0% used [0x00000000e4280000,0x00000000e4280000,0x00000000e4600000)
 ParOldGen       total 64512K, used 1865K [0x00000000a2c00000, 0x00000000a6b00000, 0x00000000e0f00000)
  object space 64512K, 2% used [0x00000000a2c00000,0x00000000a2dd2460,0x00000000a6b00000)
 Metaspace       used 13295K, capacity 13516K, committed 13696K, reserved 1060864K
  class space    used 1515K, capacity 1606K, committed 1664K, reserved 1048576K
}
Event: 1,544 GC heap before
{Heap before GC invocations=2 (full 0):
 PSYoungGen      total 28160K, used 28151K [0x00000000e0f00000, 0x00000000e4600000, 0x0000000100000000)
  eden space 24576K, 100% used [0x00000000e0f00000,0x00000000e2700000,0x00000000e2700000)
  from space 3584K, 99% used [0x00000000e2700000,0x00000000e2a7dde8,0x00000000e2a80000)
  to   space 3584K, 0% used [0x00000000e4280000,0x00000000e4280000,0x00000000e4600000)
 ParOldGen       total 64512K, used 1865K [0x00000000a2c00000, 0x00000000a6b00000, 0x00000000e0f00000)
  object space 64512K, 2% used [0x00000000a2c00000,0x00000000a2dd2680,0x00000000a6b00000)
 Metaspace       used 13616K, capacity 13836K, committed 14208K, reserved 1062912K
  class space    used 1523K, capacity 1606K, committed 1664K, reserved 1048576K
Event: 1,589 GC heap after
Heap after GC invocations=2 (full 0):
 PSYoungGen      total 52736K, used 3569K [0x00000000e0f00000, 0x00000000e4600000, 0x0000000100000000)
  eden space 49152K, 0% used [0x00000000e0f00000,0x00000000e0f00000,0x00000000e3f00000)
  from space 3584K, 99% used [0x00000000e4280000,0x00000000e45fc570,0x00000000e4600000)
  to   space 3584K, 0% used [0x00000000e3f00000,0x00000000e3f00000,0x00000000e4280000)
 ParOldGen       total 64512K, used 8392K [0x00000000a2c00000, 0x00000000a6b00000, 0x00000000e0f00000)
  object space 64512K, 13% used [0x00000000a2c00000,0x00000000a34320d8,0x00000000a6b00000)
 Metaspace       used 13616K, capacity 13836K, committed 14208K, reserved 1062912K
  class space    used 1523K, capacity 1606K, committed 1664K, reserved 1048576K
}
Event: 2,167 GC heap before
{Heap before GC invocations=3 (full 0):
 PSYoungGen      total 52736K, used 52721K [0x00000000e0f00000, 0x00000000e4600000, 0x0000000100000000)
  eden space 49152K, 100% used [0x00000000e0f00000,0x00000000e3f00000,0x00000000e3f00000)
  from space 3584K, 99% used [0x00000000e4280000,0x00000000e45fc570,0x00000000e4600000)
  to   space 3584K, 0% used [0x00000000e3f00000,0x00000000e3f00000,0x00000000e4280000)
 ParOldGen       total 64512K, used 8403K [0x00000000a2c00000, 0x00000000a6b00000, 0x00000000e0f00000)
  object space 64512K, 13% used [0x00000000a2c00000,0x00000000a3434f38,0x00000000a6b00000)
 Metaspace       used 13627K, capacity 13836K, committed 14208K, reserved 1062912K
  class space    used 1523K, capacity 1606K, committed 1664K, reserved 1048576K
Event: 2,262 GC heap after
Heap after GC invocations=3 (full 0):
 PSYoungGen      total 52736K, used 3555K [0x00000000e0f00000, 0x00000000e7600000, 0x0000000100000000)
  eden space 49152K, 0% used [0x00000000e0f00000,0x00000000e0f00000,0x00000000e3f00000)
  from space 3584K, 99% used [0x00000000e3f00000,0x00000000e4278f28,0x00000000e4280000)
  to   space 3584K, 0% used [0x00000000e7280000,0x00000000e7280000,0x00000000e7600000)
 ParOldGen       total 64512K, used 23724K [0x00000000a2c00000, 0x00000000a6b00000, 0x00000000e0f00000)
  object space 64512K, 36% used [0x00000000a2c00000,0x00000000a432b2f0,0x00000000a6b00000)
 Metaspace       used 13627K, capacity 13836K, committed 14208K, reserved 1062912K
  class space    used 1523K, capacity 1606K, committed 1664K, reserved 1048576K
}

